flutter/build/app/intermediates/proguard-rules/release/aapt_rules.txt
# Referenced at merged_manifests/release/AndroidManifest.xml:22
-keep class androidx.core.app.CoreComponentFactory { <init>(); }
# Referenced at merged_manifests/release/AndroidManifest.xml:70
-keep class com.dexterous.flutterlocalnotifications.ScheduledNotificationBootReceiver { <init>(); }
# Referenced at merged_manifests/release/AndroidManifest.xml:69
-keep class com.dexterous.flutterlocalnotifications.ScheduledNotificationReceiver { <init>(); }
# Referenced at merged_manifests/release/AndroidManifest.xml:27
-keep class com.example.alarm_test.MainActivity { <init>(); }
# Referenced at merged_manifests/release/AndroidManifest.xml:22
-keep class io.flutter.app.FlutterApplication { <init>(); }