flutter/build/app/outputs/mapping/release/mapping.txt
# compiler: R8
# compiler_version: 1.5.64
# min_api: 16
# pg_map_id: 2b33104
...
com.google.gson.internal.LinkedTreeMap -> c.a.a.y.h:
    com.google.gson.internal.LinkedTreeMap$KeySet keySet -> g
    java.util.Comparator NATURAL_ORDER -> h
    com.google.gson.internal.LinkedTreeMap$Node root -> b
    com.google.gson.internal.LinkedTreeMap$EntrySet entrySet -> f
    int modCount -> d
    int size -> c
    java.util.Comparator comparator -> a
    com.google.gson.internal.LinkedTreeMap$Node header -> e
    boolean equal(java.lang.Object,java.lang.Object) -> a
    com.google.gson.internal.LinkedTreeMap$Node find(java.lang.Object,boolean) -> a
    com.google.gson.internal.LinkedTreeMap$Node findByEntry(java.util.Map$Entry) -> a
    com.google.gson.internal.LinkedTreeMap$Node findByObject(java.lang.Object) -> a
    void removeInternal(com.google.gson.internal.LinkedTreeMap$Node,boolean) -> a
    void replaceInParent(com.google.gson.internal.LinkedTreeMap$Node,com.google.gson.internal.LinkedTreeMap$Node) -> a
    void rotateLeft(com.google.gson.internal.LinkedTreeMap$Node) -> a
    void rebalance(com.google.gson.internal.LinkedTreeMap$Node,boolean) -> b
    com.google.gson.internal.LinkedTreeMap$Node removeInternalByKey(java.lang.Object) -> b
    void rotateRight(com.google.gson.internal.LinkedTreeMap$Node) -> b
com.google.gson.internal.LinkedTreeMap$1 -> c.a.a.y.h$a:
    int compare(java.lang.Comparable,java.lang.Comparable) -> a
com.google.gson.internal.LinkedTreeMap$EntrySet -> c.a.a.y.h$b:
    com.google.gson.internal.LinkedTreeMap this$0 -> a
com.google.gson.internal.LinkedTreeMap$EntrySet$1 -> c.a.a.y.h$b$a:
com.google.gson.internal.LinkedTreeMap$KeySet -> c.a.a.y.h$c:
    com.google.gson.internal.LinkedTreeMap this$0 -> a
com.google.gson.internal.LinkedTreeMap$KeySet$1 -> c.a.a.y.h$c$a:
com.google.gson.internal.LinkedTreeMap$LinkedTreeMapIterator -> c.a.a.y.h$d:
    com.google.gson.internal.LinkedTreeMap$Node lastReturned -> b
    com.google.gson.internal.LinkedTreeMap this$0 -> d
    com.google.gson.internal.LinkedTreeMap$Node next -> a
    int expectedModCount -> c
    com.google.gson.internal.LinkedTreeMap$Node nextNode() -> a
com.google.gson.internal.LinkedTreeMap$Node -> c.a.a.y.h$e:
    java.lang.Object key -> f
    java.lang.Object value -> g
    int height -> h
    com.google.gson.internal.LinkedTreeMap$Node left -> b
    com.google.gson.internal.LinkedTreeMap$Node right -> c
    com.google.gson.internal.LinkedTreeMap$Node parent -> a
    com.google.gson.internal.LinkedTreeMap$Node next -> d
    com.google.gson.internal.LinkedTreeMap$Node prev -> e
    com.google.gson.internal.LinkedTreeMap$Node first() -> a
    com.google.gson.internal.LinkedTreeMap$Node last() -> b
com.google.gson.internal.ObjectConstructor -> c.a.a.y.i:
    java.lang.Object construct() -> a
com.google.gson.internal.PreJava9DateFormatProvider -> c.a.a.y.j:
    java.lang.String getDatePartOfDateTimePattern(int) -> a
    java.text.DateFormat getUSDateTimeFormat(int,int) -> a
    java.lang.String getTimePartOfDateTimePattern(int) -> b
com.google.gson.internal.Primitives -> c.a.a.y.k:
    boolean isPrimitive(java.lang.reflect.Type) -> a
com.google.gson.internal.Streams -> c.a.a.y.l:
    com.google.gson.JsonElement parse(com.google.gson.stream.JsonReader) -> a
    void write(com.google.gson.JsonElement,com.google.gson.stream.JsonWriter) -> a
    java.io.Writer writerForAppendable(java.lang.Appendable) -> a
com.google.gson.internal.Streams$AppendableWriter -> c.a.a.y.l$a:
    com.google.gson.internal.Streams$AppendableWriter$CurrentWrite currentWrite -> b
    java.lang.Appendable appendable -> a
com.google.gson.internal.Streams$AppendableWriter$CurrentWrite -> c.a.a.y.l$a$a:
    char[] chars -> a
com.google.gson.internal.UnsafeAllocator -> c.a.a.y.m:
    com.google.gson.internal.UnsafeAllocator create() -> a
    java.lang.Object newInstance(java.lang.Class) -> a
    void assertInstantiable(java.lang.Class) -> b